<?xml version="1.0" encoding="UTF-8"?>
<testsuite xmlns:xsi="http://www.w3.org/2001/XMLSchema-instance" xsi:noNamespaceSchemaLocation="https://maven.apache.org/surefire/maven-surefire-plugin/xsd/surefire-test-report.xsd" name="persona.PersonaTest" time="0.067" tests="9" errors="0" skipped="0" failures="0">
  <properties>
[...]
</properties>
  <testcase name="testgetname" classname="persona.PersonaTest" time="0.009"/>
  <testcase name="testsetlastname" classname="persona.PersonaTest" time="0"/>
  <testcase name="testgetlastname" classname="persona.PersonaTest" time="0"/>
  <testcase name="testsetnacimiento" classname="persona.PersonaTest" time="0.002"/>
  <testcase name="testsetconsulta" classname="persona.PersonaTest" time="0"/>
  <testcase name="testgetconsulta" classname="persona.PersonaTest" time="0"/>
  <testcase name="testMayorDeEdad" classname="persona.PersonaTest" time="0.001"/>
  <testcase name="testsetname" classname="persona.PersonaTest" time="0"/>
  <testcase name="testgetnacimiento" classname="persona.PersonaTest" time="0"/>
</testsuite>